<?xml version="1.0" encoding="UTF-8"?>
<!-- Generated by org.testng.reporters.JUnitXMLReporter -->
<testsuite ignored="0" hostname="kumar" failures="1" tests="11" name="Surefire test" time="373.499" errors="0" timestamp="18 Aug 2021 07:46:45 GMT">
  <testcase classname="com.crm.qa.testcases.ContactPageTest" name="verifyContactLabelTest" time="0.525"/>
  <testcase classname="com.crm.qa.testcases.ContactPageTest" name="verifySelectContactByNameTest" time="41.12">
    <failure type="org.openqa.selenium.NoSuchElementException" message="no such element: Unable to locate element: {&amp;quot;method&amp;quot;:&amp;quot;xpath&amp;quot;,&amp;quot;selector&amp;quot;:&amp;quot;//a[contains(text(),&amp;apos;benson neal&amp;apos;)]/parent::td/parent::tr&amp;quot;}
  (Session info: chrome=92.0.4515.131)
For documentation on this error, please visit: http://seleniumhq.org/exceptions/no_such_element.html
Build info: version: &amp;apos;3.14.0&amp;apos;, revision: &amp;apos;aacccce0&amp;apos;, time: &amp;apos;2018-08-02T20:19:58.91Z&amp;apos;
System info: host: &amp;apos;KUMAR&amp;apos;, ip: &amp;apos;192.168.2.4&amp;apos;, os.name: &amp;apos;Windows 8.1&amp;apos;, os.arch: &amp;apos;amd64&amp;apos;, os.version: &amp;apos;6.3&amp;apos;, java.version: &amp;apos;11.0.12&amp;apos;
Driver info: org.openqa.selenium.chrome.ChromeDriver
Capabilities {acceptInsecureCerts: false, browserName: chrome, browserVersion: 92.0.4515.131, chrome: {chromedriverVersion: 92.0.4515.43 (8c61b7e2989f2..., userDataDir: C:\Users\PRASAN~1\AppData\L...}, goog:chromeOptions: {debuggerAddress: localhost:50394}, javascriptEnabled: true, networkConnectionEnabled: false, pageLoadStrategy: normal, platform: WINDOWS, platformName: WINDOWS, proxy: Proxy(), setWindowRect: true, strictFileInteractability: false, timeouts: {implicit: 0, pageLoad: 300000, script: 30000}, unhandledPromptBehavior: dismiss and notify, webauthn:extension:credBlob: true, webauthn:extension:largeBlob: true, webauthn:virtualAuthenticators: true}
Session ID: 1e0a6c2f97c5b3caf3e2fb5f515047ef
*** Element info: {Using=xpath, value=//a[contains(text(),&amp;apos;benson neal&amp;apos;)]/parent::td/parent::tr}">
      <![CDATA[org.openqa.selenium.NoSuchElementException: no such element: Unable to locate element: {"method":"xpath","selector":"//a[contains(text(),'benson neal')]/parent::td/parent::tr"}
  (Session info: chrome=92.0.4515.131)
For documentation on this error, please visit: http://seleniumhq.org/exceptions/no_such_element.html
Build info: version: '3.14.0', revision: 'aacccce0', time: '2018-08-02T20:19:58.91Z'
System info: host: 'KUMAR', ip: '192.168.2.4', os.name: 'Windows 8.1', os.arch: 'amd64', os.version: '6.3', java.version: '11.0.12'
Driver info: org.openqa.selenium.chrome.ChromeDriver
Capabilities {acceptInsecureCerts: false, browserName: chrome, browserVersion: 92.0.4515.131, chrome: {chromedriverVersion: 92.0.4515.43 (8c61b7e2989f2..., userDataDir: C:\Users\PRASAN~1\AppData\L...}, goog:chromeOptions: {debuggerAddress: localhost:50394}, javascriptEnabled: true, networkConnectionEnabled: false, pageLoadStrategy: normal, platform: WINDOWS, platformName: WINDOWS, proxy: Proxy(), setWindowRect: true, strictFileInteractability: false, timeouts: {implicit: 0, pageLoad: 300000, script: 30000}, unhandledPromptBehavior: dismiss and notify, webauthn:extension:credBlob: true, webauthn:extension:largeBlob: true, webauthn:virtualAuthenticators: true}
Session ID: 1e0a6c2f97c5b3caf3e2fb5f515047ef
*** Element info: {Using=xpath, value=//a[contains(text(),'benson neal')]/parent::td/parent::tr}
	at org.openqa.selenium.remote.http.W3CHttpResponseCodec.createException(W3CHttpResponseCodec.java:187)
	at org.openqa.selenium.remote.http.W3CHttpResponseCodec.decode(W3CHttpResponseCodec.java:122)
	at org.openqa.selenium.remote.http.W3CHttpResponseCodec.decode(W3CHttpResponseCodec.java:49)
	at org.openqa.selenium.remote.HttpCommandExecutor.execute(HttpCommandExecutor.java:158)
	at org.openqa.selenium.remote.service.DriverCommandExecutor.execute(DriverCommandExecutor.java:83)
	at org.openqa.selenium.remote.RemoteWebDriver.execute(RemoteWebDriver.java:548)
	at org.openqa.selenium.remote.RemoteWebDriver.findElement(RemoteWebDriver.java:322)
	at org.openqa.selenium.remote.RemoteWebDriver.findElementByXPath(RemoteWebDriver.java:424)
	at org.openqa.selenium.By$ByXPath.findElement(By.java:353)
	at org.openqa.selenium.remote.RemoteWebDriver.findElement(RemoteWebDriver.java:314)
	at org.openqa.selenium.support.events.EventFiringWebDriver.lambda$new$1(EventFiringWebDriver.java:105)
	at com.sun.proxy.$Proxy8.findElement(Unknown Source)
	at org.openqa.selenium.support.events.EventFiringWebDriver.findElement(EventFiringWebDriver.java:194)
	at com.crm.qa.pages.ContactPage.selectContactByName(ContactPage.java:30)
	at com.crm.qa.testcases.ContactPageTest.verifySelectContactByNameTest(ContactPageTest.java:42)
... Removed 38 stack frames]]>
    </failure>
  </testcase> <!-- verifySelectContactByNameTest -->
  <testcase classname="com.crm.qa.testcases.NewContactPageTest" name="newContactFormTest" time="12.466"/>
  <testcase classname="com.crm.qa.testcases.NewContactPageTest" name="newContactFormTest" time="10.337"/>
  <testcase classname="com.crm.qa.testcases.NewContactPageTest" name="newContactFormTest" time="15.899"/>
  <testcase classname="com.crm.qa.testcases.NewContactPageTest" name="newContactFormTest" time="10.3"/>
  <testcase classname="com.crm.qa.testcases.NewContactPageTest" name="newContactFormTest" time="11.848"/>
  <testcase classname="com.crm.qa.testcases.HomePageTest" name="VerifyContactLinkTest" time="1.448"/>
  <testcase classname="com.crm.qa.testcases.LoginpageTest" name="verifyPageTitleTest" time="0.013"/>
  <testcase classname="com.crm.qa.testcases.HomePageTest" name="VerifyCorrectUserNameTest" time="2.194"/>
  <testcase classname="com.crm.qa.testcases.LoginpageTest" name="verifyLoginFeatureTest" time="8.886"/>
</testsuite> <!-- Surefire test -->
